<?xml version="1.0" encoding="UTF-8"?>
<!-- Generated by org.testng.reporters.JUnitReportReporter -->
<testsuite skipped="0" hostname="DESKTOP-8KH96IG" name="com.amazon.pom.AmazonTest" tests="1" failures="0" timestamp="22 Jul 2020 09:39:25 GMT" time="128.079" errors="0">
  <testcase name="testrun" time="128.079" classname="com.amazon.pom.AmazonTest"/>
</testsuite> <!-- com.amazon.pom.AmazonTest -->
