<?xml version="1.0" encoding="UTF-8"?>
<!-- Generated by org.testng.reporters.JUnitReportReporter -->
<testsuite skipped="0" hostname="DESKTOP-8KH96IG" name="com.amazon.testscripts.AmazonTest" tests="6" failures="0" timestamp="22 Jul 2020 19:33:45 GMT" time="584.094" errors="0">
  <testcase name="Parameterizationtest" time="187.645" classname="com.amazon.testscripts.AmazonTest"/>
  <testcase name="simpleLoginTest" time="61.820" classname="com.amazon.testscripts.AmazonTest"/>
  <testcase name="MacBookProAdd" time="98.458" classname="com.amazon.testscripts.AmazonTest"/>
  <testcase name="HeadphoneAdd" time="90.623" classname="com.amazon.testscripts.AmazonTest"/>
  <testcase name="deleteHeadPhones" time="72.822" classname="com.amazon.testscripts.AmazonTest"/>
  <testcase name="ReduceQuantityMacBookPro" time="72.726" classname="com.amazon.testscripts.AmazonTest"/>
</testsuite> <!-- com.amazon.testscripts.AmazonTest -->
