<?xml version="1.0" encoding="UTF-8"?>
<!-- Generated by org.testng.reporters.JUnitReportReporter -->
<testsuite skipped="0" hostname="DESKTOP-8KH96IG" name="com.amazon.generics.TestBaseClass" tests="1" failures="0" timestamp="22 Jul 2020 08:04:22 GMT" time="0.116" errors="0">
  <testcase name="Checktest" time="0.116" classname="com.amazon.generics.TestBaseClass"/>
</testsuite> <!-- com.amazon.generics.TestBaseClass -->
